Arguments: 
  C:\Program Files\nodejs\node.exe C:\Users\123\AppData\Roaming\npm\node_modules\yarn\bin\yarn.js add html-webpack-liugin

PATH: 
  C:\Python27;C:\WINDOWS\system32;C:\WINDOWS;C:\WINDOWS\system32\wbem;E:\cmder;D:\Microsoft VS Code\bin;E:\Microsoft VS Code\bin;C:\WINDOWS\System32\Wbem;C:\WINDOWS\System32\WindowsPowerShell\v1.0\;C:\WINDOWS\System32\OpenSSH\;C:\Program Files\Git\cmd;C:\Program Files\MySQL\MySQL Server 5.5\bin;C:\Program Files\nodejs\;C:\Program Files\TortoiseSVN\bin;D:\Microsoft VS Code\bin;C:\Python27\Scripts;C:\Program Files\Git\bin;C:\Users\123\AppData\Local\Microsoft\WindowsApps;C:\Users\123\AppData\Local\BypassRuntm;C:\Users\123\AppData\Roaming\npm;%USERPROFILE%\AppData\Local\Microsoft\WindowsApps;;D:\Fiddler

Yarn version: 
  1.17.3

Node version: 
  10.16.0

Platform: 
  win32 x64

Trace: 
  Error: https://registry.yarnpkg.com/html-webpack-liugin: Not found
      at Request.params.callback [as _callback] (C:\Users\123\AppData\Roaming\npm\node_modules\yarn\lib\cli.js:66830:18)
      at Request.self.callback (C:\Users\123\AppData\Roaming\npm\node_modules\yarn\lib\cli.js:140464:22)
      at Request.emit (events.js:198:13)
      at Request.<anonymous> (C:\Users\123\AppData\Roaming\npm\node_modules\yarn\lib\cli.js:141436:10)
      at Request.emit (events.js:198:13)
      at IncomingMessage.<anonymous> (C:\Users\123\AppData\Roaming\npm\node_modules\yarn\lib\cli.js:141358:12)
      at Object.onceWrapper (events.js:286:20)
      at IncomingMessage.emit (events.js:203:15)
      at endReadableNT (_stream_readable.js:1129:12)
      at process._tickCallback (internal/process/next_tick.js:63:19)

npm manifest: 
  {
    "name": "default",
    "version": "1.0.0",
    "main": "index.js",
    "license": "MIT"
  }

yarn manifest: 
  No manifest

Lockfile: 
  No lockfile
